{"/Users/alfredosumosav/Desktop/develop/alfredo-merch/src/components/Footer.jsx": {"path":"/Users/alfredosumosav/Desktop/develop/alfredo-merch/src/components/Footer.jsx","statementMap":{"0":{"start":{"line":4,"column":15},"end":{"line":9,"column":1}},"1":{"start":{"line":5,"column":2},"end":{"line":8,"column":8}}},"fnMap":{"0":{"name":"(anonymous_0)","decl":{"start":{"line":4,"column":15},"end":{"line":4,"column":16}},"loc":{"start":{"line":5,"column":2},"end":{"line":8,"column":8}},"line":5}},"branchMap":{},"s":{"0":1,"1":1},"f":{"0":1},"b":{},"_coverageSchema":"1a1c01bbd47fc00a2c39e90264f33305004495a9","hash":"d8166fffb6bec520bd180badc7e2b326b660e3b3"}
}
